<?xml version="1.0" encoding="UTF-8"?>
<!-- Generated by org.testng.reporters.JUnitXMLReporter -->
<testsuite ignored="0" hostname="LAPTOP-NE2K3F3R" failures="1" tests="7" name="test_chrome" time="9.188" errors="0" timestamp="26 May 2018 21:00:47 GMT">
  <testcase classname="com.hellofresh.challenge.api_test" name="getAllNations" time="3.784"/>
  <testcase classname="com.hellofresh.challenge.api_test" name="getResponseForIncorrectCode" time="0.675"/>
  <testcase classname="com.hellofresh.challenge.api_test" name="getResponseForInexistentNation" time="0.784"/>
  <testcase classname="com.hellofresh.challenge.api_test" name="getResponseForPostValue" time="0.574">
    <failure type="com.jayway.restassured.path.json.exception.JsonPathException" message="Failed to parse the JSON document">
      <![CDATA[com.jayway.restassured.path.json.exception.JsonPathException: Failed to parse the JSON document
	at com.jayway.restassured.path.json.JsonPath$ExceptionCatcher.invoke(JsonPath.java:915)
	at com.jayway.restassured.path.json.JsonPath$4.doParseWith(JsonPath.java:880)
	at com.jayway.restassured.path.json.JsonPath$JsonParser.parseWith(JsonPath.java:959)
	at com.jayway.restassured.path.json.JsonPath.get(JsonPath.java:201)
	at com.jayway.restassured.path.json.JsonPath.getString(JsonPath.java:351)
	at com.hellofresh.challenge.api_test.getResponseForPostValue(api_test.java:163)
Caused by: groovy.json.JsonException: Lexing failed on line: 1, column: 1, while reading '<', no possible valid JSON value or punctuation could be recognized.
	at groovy.json.JsonLexer.nextToken(JsonLexer.java:82)
	at groovy.json.JsonLexer$nextToken.call(Unknown Source)
	at com.jayway.restassured.internal.path.json.ConfigurableJsonSlurper.parse(ConfigurableJsonSlurper.groovy:99)
	at com.jayway.restassured.internal.path.json.ConfigurableJsonSlurper$parse.callCurrent(Unknown Source)
	at com.jayway.restassured.internal.path.json.ConfigurableJsonSlurper.parseText(ConfigurableJsonSlurper.groovy:85)
	at com.jayway.restassured.path.json.JsonPath$4$1.method(JsonPath.java:878)
	at com.jayway.restassured.path.json.JsonPath$ExceptionCatcher.invoke(JsonPath.java:913)
	... 29 more
... Removed 24 stack frames]]>
    </failure>
  </testcase> <!-- getResponseForPostValue -->
  <testcase classname="com.hellofresh.challenge.api_test" name="getSpecificNationDE" time="0.635"/>
  <testcase classname="com.hellofresh.challenge.api_test" name="getSpecificNationGB" time="0.794"/>
  <testcase classname="com.hellofresh.challenge.api_test" name="getSpecificNationUS" time="0.604"/>
</testsuite> <!-- test_chrome -->
